Arguments: 
  C:\Program Files\nodejs\node.exe C:\Program Files (x86)\Yarn\bin\yarn.js run watch

PATH: 
  C:\Program Files\Git\mingw64\bin;C:\Program Files\Git\usr\bin;C:\Users\MOFED\bin;C:\WINDOWS\system32;C:\WINDOWS;C:\WINDOWS\System32\Wbem;C:\WINDOWS\System32\WindowsPowerShell\v1.0;C:\WINDOWS\System32\OpenSSH;C:\Program Files\Git\cmd;C:\Program Files\nodejs;C:\xampp\mysql\bin;C:\ProgramData\ComposerSetup\bin;C:\Program Files (x86)\Yarn\bin;C:\Users\MOFED\AppData\Local\Microsoft\WindowsApps;C:\Users\MOFED\AppData\Local\Programs\Microsoft VS Code\bin;C:\Users\MOFED\AppData\Roaming\npm;C:\Users\MOFED\AppData\Local\atom\bin;C:\Users\MOFED\AppData\Roaming\Composer\vendor\bin;C:\Program Files\MongoDB\Server\4.2\bin;C:\Users\MOFED\AppData\Local\Yarn\bin

Yarn version: 
  1.22.5

Node version: 
  12.14.1

Platform: 
  win32 x64

Trace: 
  TypeError [ERR_INVALID_ARG_TYPE]: The "path" argument must be of type string. Received type object
      at validateString (internal/validators.js:112:11)
      at Object.isAbsolute (path.js:353:5)
      at module.exports.exports.default (C:\Program Files (x86)\Yarn\lib\cli.js:96946:16)
      at C:\Program Files (x86)\Yarn\lib\cli.js:51144:63
      at Generator.next (<anonymous>)
      at step (C:\Program Files (x86)\Yarn\lib\cli.js:310:30)
      at C:\Program Files (x86)\Yarn\lib\cli.js:321:13

npm manifest: 
  {
    "name": "winifi-backend",
    "version": "1.0.0",
    "main": "index.js",
    "scripts": {
      "tsc": "tsc",
      "watch-tsc": "tsc -w",
      "deploy": "node dist/server.js",
      "watch-deploy": "nodemon dist/server.js",
      "server": "concurrently \"npm run watch-tsc\" \"npm run watch-deploy\"",
      "start": "npm run deploy",
      "test": "node dist/test/index.js"
    },
    "repository": {
      "type": "git",
      "url": "https://git-codecommit.us-east-1.amazonaws.com/v1/repos/sms_dl_charge_account"
    },
    "author": "",
    "license": "ISC",
    "dependencies": {
      "@types/cors": "^2.8.7",
      "@types/dotenv": "^8.2.0",
      "body-parser": "^1.18.3",
      "compression": "^1.7.3",
      "concurrently": "^5.3.0",
      "cors": "^2.8.5",
      "dotenv": "^6.2.0",
      "express": "^4.16.4",
      "helmet": "^3.15.0",
      "joi": "^17.3.0",
      "mongoose": "^5.10.13",
      "mysql2": "^2.2.1",
      "nodemon": "^2.0.6",
      "sequelize": "^4.44.4",
      "tedious": "^4.1.3"
    },
    "devDependencies": {
      "@types/express": "^4.17.8",
      "@types/mongoose": "^5.7.37",
      "@types/node": "^14.14.7",
      "@types/sequelize": "^4.28.9",
      "devDependencies": {
        "@types/body-parser": "^1.17.0",
        "@types/compression": "^0.0.36",
        "@types/cors": "^2.8.4",
        "@types/dotenv": "^6.1.0",
        "@types/express": "^4.16.0",
        "@types/helmet": "^0.0.42",
        "@types/sequelize": "^4.27.33",
        "concurrently": "^4.1.0",
        "nodemon": "^1.18.9",
        "typescript": "^3.2.2"
      },
      "ts-node-dev": "^1.0.0",
      "typescript": "^4.0.5"
    },
    "description": ""
  }

yarn manifest: 
  No manifest

Lockfile: 
  No lockfile
